This is pdfTeX, Version 3.141592653-2.6-1.40.29 (TeX Live 2026) (preloaded format=pdflatex 2026.4.12)  22 JUN 2026 17:59
entering extended mode
 restricted \write18 enabled.
 %&-line parsing enabled.
**report/markov_market_regimes.tex
(./report/markov_market_regimes.tex
LaTeX2e <2025-11-01>
L3 programming layer <2026-01-19>
(/usr/local/texlive/2026basic/texmf-dist/tex/latex/base/article.cls
Document Class: article 2025/01/22 v1.4n Standard LaTeX document class
(/usr/local/texlive/2026basic/texmf-dist/tex/latex/base/size11.clo
File: size11.clo 2025/01/22 v1.4n Standard LaTeX file (size option)
)
\c@part=\count275
\c@section=\count276
\c@subsection=\count277
\c@subsubsection=\count278
\c@paragraph=\count279
\c@subparagraph=\count280
\c@figure=\count281
\c@table=\count282
\abovecaptionskip=\skip49
\belowcaptionskip=\skip50
\bibindent=\dimen148
)
(/usr/local/texlive/2026basic/texmf-dist/tex/latex/base/inputenc.sty
Package: inputenc 2024/02/08 v1.3d Input encoding file
\inpenc@prehook=\toks17
\inpenc@posthook=\toks18
)
(/usr/local/texlive/2026basic/texmf-dist/tex/latex/base/fontenc.sty
Package: fontenc 2025/07/18 v2.1d Standard LaTeX package
)
(/usr/local/texlive/2026basic/texmf-dist/tex/latex/lm/lmodern.sty
Package: lmodern 2015/05/01 v1.6.1 Latin Modern Fonts
LaTeX Font Info:    Overwriting symbol font `operators' in version `normal'
(Font)                  OT1/cmr/m/n --> OT1/lmr/m/n on input line 22.
LaTeX Font Info:    Overwriting symbol font `letters' in version `normal'
(Font)                  OML/cmm/m/it --> OML/lmm/m/it on input line 23.
LaTeX Font Info:    Overwriting symbol font `symbols' in version `normal'
(Font)                  OMS/cmsy/m/n --> OMS/lmsy/m/n on input line 24.
LaTeX Font Info:    Overwriting symbol font `largesymbols' in version `normal'
(Font)                  OMX/cmex/m/n --> OMX/lmex/m/n on input line 25.
LaTeX Font Info:    Overwriting symbol font `operators' in version `bold'
(Font)                  OT1/cmr/bx/n --> OT1/lmr/bx/n on input line 26.
LaTeX Font Info:    Overwriting symbol font `letters' in version `bold'
(Font)                  OML/cmm/b/it --> OML/lmm/b/it on input line 27.
LaTeX Font Info:    Overwriting symbol font `symbols' in version `bold'
(Font)                  OMS/cmsy/b/n --> OMS/lmsy/b/n on input line 28.
LaTeX Font Info:    Overwriting symbol font `largesymbols' in version `bold'
(Font)                  OMX/cmex/m/n --> OMX/lmex/m/n on input line 29.
LaTeX Font Info:    Overwriting math alphabet `\mathbf' in version `normal'
(Font)                  OT1/cmr/bx/n --> OT1/lmr/bx/n on input line 31.
LaTeX Font Info:    Overwriting math alphabet `\mathsf' in version `normal'
(Font)                  OT1/cmss/m/n --> OT1/lmss/m/n on input line 32.
LaTeX Font Info:    Overwriting math alphabet `\mathit' in version `normal'
(Font)                  OT1/cmr/m/it --> OT1/lmr/m/it on input line 33.
LaTeX Font Info:    Overwriting math alphabet `\mathtt' in version `normal'
(Font)                  OT1/cmtt/m/n --> OT1/lmtt/m/n on input line 34.
LaTeX Font Info:    Overwriting math alphabet `\mathbf' in version `bold'
(Font)                  OT1/cmr/bx/n --> OT1/lmr/bx/n on input line 35.
LaTeX Font Info:    Overwriting math alphabet `\mathsf' in version `bold'
(Font)                  OT1/cmss/bx/n --> OT1/lmss/bx/n on input line 36.
LaTeX Font Info:    Overwriting math alphabet `\mathit' in version `bold'
(Font)                  OT1/cmr/bx/it --> OT1/lmr/bx/it on input line 37.
LaTeX Font Info:    Overwriting math alphabet `\mathtt' in version `bold'
(Font)                  OT1/cmtt/m/n --> OT1/lmtt/m/n on input line 38.
)
(/usr/local/texlive/2026basic/texmf-dist/tex/latex/microtype/microtype.sty
Package: microtype 2026/03/01 v3.2d Micro-typographical refinements (RS)

(/usr/local/texlive/2026basic/texmf-dist/tex/latex/graphics/keyval.sty
Package: keyval 2022/05/29 v1.15 key=value parser (DPC)
\KV@toks@=\toks19
)
(/usr/local/texlive/2026basic/texmf-dist/tex/latex/etoolbox/etoolbox.sty
Package: etoolbox 2025/10/02 v2.5m e-TeX tools for LaTeX (JAW)
\etb@tempcnta=\count283
)
\MT@toks=\toks20
\MT@tempbox=\box53
\MT@count=\count284
LaTeX Info: Redefining \noprotrusionifhmode on input line 1084.
LaTeX Info: Redefining \leftprotrusion on input line 1085.
\MT@prot@toks=\toks21
LaTeX Info: Redefining \rightprotrusion on input line 1104.
LaTeX Info: Redefining \textls on input line 1449.
\MT@outer@kern=\dimen149
LaTeX Info: Redefining \microtypecontext on input line 2053.
LaTeX Info: Redefining \textmicrotypecontext on input line 2070.
\MT@listname@count=\count285

(/usr/local/texlive/2026basic/texmf-dist/tex/latex/microtype/microtype-pdftex.d
ef
File: microtype-pdftex.def 2026/03/01 v3.2d Definitions specific to pdftex (RS)

LaTeX Info: Redefining \lsstyle on input line 944.
LaTeX Info: Redefining \lslig on input line 944.
\MT@outer@space=\skip51
)
Package microtype Info: Loading configuration file microtype.cfg.
 (/usr/local/texlive/2026basic/texmf-dist/tex/latex/microtype/microtype.cfg
File: microtype.cfg 2026/03/01 v3.2d microtype main configuration file (RS)
)
LaTeX Info: Redefining \microtypesetup on input line 3065.
) (/usr/local/texlive/2026basic/texmf-dist/tex/latex/geometry/geometry.sty
Package: geometry 2020/01/02 v5.9 Page Geometry

(/usr/local/texlive/2026basic/texmf-dist/tex/generic/iftex/ifvtex.sty
Package: ifvtex 2019/10/25 v1.7 ifvtex legacy package. Use iftex instead.

(/usr/local/texlive/2026basic/texmf-dist/tex/generic/iftex/iftex.sty
Package: iftex 2024/12/12 v1.0g TeX engine tests
))
\Gm@cnth=\count286
\Gm@cntv=\count287
\c@Gm@tempcnt=\count288
\Gm@bindingoffset=\dimen150
\Gm@wd@mp=\dimen151
\Gm@odd@mp=\dimen152
\Gm@even@mp=\dimen153
\Gm@layoutwidth=\dimen154
\Gm@layoutheight=\dimen155
\Gm@layouthoffset=\dimen156
\Gm@layoutvoffset=\dimen157
\Gm@dimlist=\toks22
)
(/usr/local/texlive/2026basic/texmf-dist/tex/latex/setspace/setspace.sty
Package: setspace 2022/12/04 v6.7b set line spacing
)
(/usr/local/texlive/2026basic/texmf-dist/tex/latex/amsmath/amsmath.sty
Package: amsmath 2025/07/09 v2.17z AMS math features
\@mathmargin=\skip52

For additional information on amsmath, use the `?' option.
(/usr/local/texlive/2026basic/texmf-dist/tex/latex/amsmath/amstext.sty
Package: amstext 2024/11/17 v2.01 AMS text

(/usr/local/texlive/2026basic/texmf-dist/tex/latex/amsmath/amsgen.sty
File: amsgen.sty 1999/11/30 v2.0 generic functions
\@emptytoks=\toks23
\ex@=\dimen158
))
(/usr/local/texlive/2026basic/texmf-dist/tex/latex/amsmath/amsbsy.sty
Package: amsbsy 1999/11/29 v1.2d Bold Symbols
\pmbraise@=\dimen159
)
(/usr/local/texlive/2026basic/texmf-dist/tex/latex/amsmath/amsopn.sty
Package: amsopn 2022/04/08 v2.04 operator names
)
\inf@bad=\count289
LaTeX Info: Redefining \frac on input line 233.
\uproot@=\count290
\leftroot@=\count291
LaTeX Info: Redefining \overline on input line 398.
LaTeX Info: Redefining \colon on input line 409.
\classnum@=\count292
\DOTSCASE@=\count293
LaTeX Info: Redefining \ldots on input line 495.
LaTeX Info: Redefining \dots on input line 498.
LaTeX Info: Redefining \cdots on input line 619.
\Mathstrutbox@=\box54
\strutbox@=\box55
LaTeX Info: Redefining \big on input line 721.
LaTeX Info: Redefining \Big on input line 722.
LaTeX Info: Redefining \bigg on input line 723.
LaTeX Info: Redefining \Bigg on input line 724.
\big@size=\dimen160
LaTeX Font Info:    Redeclaring font encoding OML on input line 742.
LaTeX Font Info:    Redeclaring font encoding OMS on input line 743.
\macc@depth=\count294
LaTeX Info: Redefining \bmod on input line 904.
LaTeX Info: Redefining \pmod on input line 909.
LaTeX Info: Redefining \smash on input line 939.
LaTeX Info: Redefining \relbar on input line 969.
LaTeX Info: Redefining \Relbar on input line 970.
\c@MaxMatrixCols=\count295
\dotsspace@=\muskip17
\c@parentequation=\count296
\dspbrk@lvl=\count297
\tag@help=\toks24
\row@=\count298
\column@=\count299
\maxfields@=\count300
\andhelp@=\toks25
\eqnshift@=\dimen161
\alignsep@=\dimen162
\tagshift@=\dimen163
\tagwidth@=\dimen164
\totwidth@=\dimen165
\lineht@=\dimen166
\@envbody=\toks26
\multlinegap=\skip53
\multlinetaggap=\skip54
\mathdisplay@stack=\toks27
LaTeX Info: Redefining \[ on input line 2950.
LaTeX Info: Redefining \] on input line 2951.
)
(/usr/local/texlive/2026basic/texmf-dist/tex/latex/amsfonts/amssymb.sty
Package: amssymb 2013/01/14 v3.01 AMS font symbols

(/usr/local/texlive/2026basic/texmf-dist/tex/latex/amsfonts/amsfonts.sty
Package: amsfonts 2013/01/14 v3.01 Basic AMSFonts support
\symAMSa=\mathgroup4
\symAMSb=\mathgroup5
LaTeX Font Info:    Redeclaring math symbol \hbar on input line 98.
LaTeX Font Info:    Overwriting math alphabet `\mathfrak' in version `bold'
(Font)                  U/euf/m/n --> U/euf/b/n on input line 106.
))
(/usr/local/texlive/2026basic/texmf-dist/tex/latex/amscls/amsthm.sty
Package: amsthm 2020/05/29 v2.20.6
\thm@style=\toks28
\thm@bodyfont=\toks29
\thm@headfont=\toks30
\thm@notefont=\toks31
\thm@headpunct=\toks32
\thm@preskip=\skip55
\thm@postskip=\skip56
\thm@headsep=\skip57
\dth@everypar=\toks33
)
(/usr/local/texlive/2026basic/texmf-dist/tex/latex/booktabs/booktabs.sty
Package: booktabs 2020/01/12 v1.61803398 Publication quality tables
\heavyrulewidth=\dimen167
\lightrulewidth=\dimen168
\cmidrulewidth=\dimen169
\belowrulesep=\dimen170
\belowbottomsep=\dimen171
\aboverulesep=\dimen172
\abovetopsep=\dimen173
\cmidrulesep=\dimen174
\cmidrulekern=\dimen175
\defaultaddspace=\dimen176
\@cmidla=\count301
\@cmidlb=\count302
\@aboverulesep=\dimen177
\@belowrulesep=\dimen178
\@thisruleclass=\count303
\@lastruleclass=\count304
\@thisrulewidth=\dimen179
)
(/usr/local/texlive/2026basic/texmf-dist/tex/latex/graphics/graphicx.sty
Package: graphicx 2024/12/31 v1.2e Enhanced LaTeX Graphics (DPC,SPQR)

(/usr/local/texlive/2026basic/texmf-dist/tex/latex/graphics/graphics.sty
Package: graphics 2024/08/06 v1.4g Standard LaTeX Graphics (DPC,SPQR)

(/usr/local/texlive/2026basic/texmf-dist/tex/latex/graphics/trig.sty
Package: trig 2023/12/02 v1.11 sin cos tan (DPC)
)
(/usr/local/texlive/2026basic/texmf-dist/tex/latex/graphics-cfg/graphics.cfg
File: graphics.cfg 2016/06/04 v1.11 sample graphics configuration
)
Package graphics Info: Driver file: pdftex.def on input line 106.

(/usr/local/texlive/2026basic/texmf-dist/tex/latex/graphics-def/pdftex.def
File: pdftex.def 2025/09/29 v1.2d Graphics/color driver for pdftex
))
\Gin@req@height=\dimen180
\Gin@req@width=\dimen181
)
(/usr/local/texlive/2026basic/texmf-dist/tex/latex/float/float.sty
Package: float 2001/11/08 v1.3d Float enhancements (AL)
\c@float@type=\count305
\float@exts=\toks34
\float@box=\box56
\@float@everytoks=\toks35
\@floatcapt=\box57
)
(/usr/local/texlive/2026basic/texmf-dist/tex/latex/caption/caption.sty
Package: caption 2023/08/05 v3.6o Customizing captions (AR)

(/usr/local/texlive/2026basic/texmf-dist/tex/latex/caption/caption3.sty
Package: caption3 2023/07/31 v2.4d caption3 kernel (AR)
\caption@tempdima=\dimen182
\captionmargin=\dimen183
\caption@leftmargin=\dimen184
\caption@rightmargin=\dimen185
\caption@width=\dimen186
\caption@indent=\dimen187
\caption@parindent=\dimen188
\caption@hangindent=\dimen189
Package caption Info: Standard document class detected.
)
\c@caption@flags=\count306
\c@continuedfloat=\count307
Package caption Info: float package is loaded.
)
(/usr/local/texlive/2026basic/texmf-dist/tex/latex/xcolor/xcolor.sty
Package: xcolor 2024/09/29 v3.02 LaTeX color extensions (UK)

(/usr/local/texlive/2026basic/texmf-dist/tex/latex/graphics-cfg/color.cfg
File: color.cfg 2016/01/02 v1.6 sample color configuration
)
Package xcolor Info: Driver file: pdftex.def on input line 274.

(/usr/local/texlive/2026basic/texmf-dist/tex/latex/graphics/mathcolor.ltx)
Package xcolor Info: Model `cmy' substituted by `cmy0' on input line 1349.
Package xcolor Info: Model `hsb' substituted by `rgb' on input line 1353.
Package xcolor Info: Model `RGB' extended on input line 1365.
Package xcolor Info: Model `HTML' substituted by `rgb' on input line 1367.
Package xcolor Info: Model `Hsb' substituted by `hsb' on input line 1368.
Package xcolor Info: Model `tHsb' substituted by `hsb' on input line 1369.
Package xcolor Info: Model `HSB' substituted by `hsb' on input line 1370.
Package xcolor Info: Model `Gray' substituted by `gray' on input line 1371.
Package xcolor Info: Model `wave' substituted by `hsb' on input line 1372.
)
(/usr/local/texlive/2026basic/texmf-dist/tex/latex/hyperref/hyperref.sty
Package: hyperref 2026-01-29 v7.01p Hypertext links for LaTeX

(/usr/local/texlive/2026basic/texmf-dist/tex/latex/kvsetkeys/kvsetkeys.sty
Package: kvsetkeys 2022-10-05 v1.19 Key value parser (HO)
)
(/usr/local/texlive/2026basic/texmf-dist/tex/generic/kvdefinekeys/kvdefinekeys.
sty
Package: kvdefinekeys 2019-12-19 v1.6 Define keys (HO)
)
(/usr/local/texlive/2026basic/texmf-dist/tex/generic/pdfescape/pdfescape.sty
Package: pdfescape 2019/12/09 v1.15 Implements pdfTeX's escape features (HO)

(/usr/local/texlive/2026basic/texmf-dist/tex/generic/ltxcmds/ltxcmds.sty
Package: ltxcmds 2023-12-04 v1.26 LaTeX kernel commands for general use (HO)
)
(/usr/local/texlive/2026basic/texmf-dist/tex/generic/pdftexcmds/pdftexcmds.sty
Package: pdftexcmds 2020-06-27 v0.33 Utility functions of pdfTeX for LuaTeX (HO
)

(/usr/local/texlive/2026basic/texmf-dist/tex/generic/infwarerr/infwarerr.sty
Package: infwarerr 2019/12/03 v1.5 Providing info/warning/error messages (HO)
)
Package pdftexcmds Info: \pdf@primitive is available.
Package pdftexcmds Info: \pdf@ifprimitive is available.
Package pdftexcmds Info: \pdfdraftmode found.
)) (/usr/local/texlive/2026basic/texmf-dist/tex/latex/hycolor/hycolor.sty
Package: hycolor 2020-01-27 v1.10 Color options for hyperref/bookmark (HO)
)
(/usr/local/texlive/2026basic/texmf-dist/tex/latex/hyperref/nameref.sty
Package: nameref 2026-01-29 v2.58 Cross-referencing by name of section

(/usr/local/texlive/2026basic/texmf-dist/tex/latex/refcount/refcount.sty
Package: refcount 2019/12/15 v3.6 Data extraction from label references (HO)
)
(/usr/local/texlive/2026basic/texmf-dist/tex/generic/gettitlestring/gettitlestr
ing.sty
Package: gettitlestring 2019/12/15 v1.6 Cleanup title references (HO)

(/usr/local/texlive/2026basic/texmf-dist/tex/latex/kvoptions/kvoptions.sty
Package: kvoptions 2022-06-15 v3.15 Key value format for package options (HO)
))
\c@section@level=\count308
)
(/usr/local/texlive/2026basic/texmf-dist/tex/generic/stringenc/stringenc.sty
Package: stringenc 2019/11/29 v1.12 Convert strings between diff. encodings (HO
)
)
\@linkdim=\dimen190
\Hy@linkcounter=\count309
\Hy@pagecounter=\count310

(/usr/local/texlive/2026basic/texmf-dist/tex/latex/hyperref/pd1enc.def
File: pd1enc.def 2026-01-29 v7.01p Hyperref: PDFDocEncoding definition (HO)
Now handling font encoding PD1 ...
... no UTF-8 mapping file for font encoding PD1
)
(/usr/local/texlive/2026basic/texmf-dist/tex/generic/intcalc/intcalc.sty
Package: intcalc 2019/12/15 v1.3 Expandable calculations with integers (HO)
)
\Hy@SavedSpaceFactor=\count311

(/usr/local/texlive/2026basic/texmf-dist/tex/latex/hyperref/puenc.def
File: puenc.def 2026-01-29 v7.01p Hyperref: PDF Unicode definition (HO)
Now handling font encoding PU ...
... no UTF-8 mapping file for font encoding PU
)
Package hyperref Info: Hyper figures OFF on input line 4201.
Package hyperref Info: Link nesting OFF on input line 4206.
Package hyperref Info: Hyper index ON on input line 4209.
Package hyperref Info: Plain pages OFF on input line 4216.
Package hyperref Info: Backreferencing OFF on input line 4221.
Package hyperref Info: Implicit mode ON; LaTeX internals redefined.
Package hyperref Info: Bookmarks ON on input line 4468.
\c@Hy@tempcnt=\count312

(/usr/local/texlive/2026basic/texmf-dist/tex/latex/url/url.sty
\Urlmuskip=\muskip18
Package: url 2013/09/16  ver 3.4  Verb mode for urls, etc.
)
LaTeX Info: Redefining \url on input line 4807.
\XeTeXLinkMargin=\dimen191

(/usr/local/texlive/2026basic/texmf-dist/tex/generic/bitset/bitset.sty
Package: bitset 2019/12/09 v1.3 Handle bit-vector datatype (HO)

(/usr/local/texlive/2026basic/texmf-dist/tex/generic/bigintcalc/bigintcalc.sty
Package: bigintcalc 2019/12/15 v1.5 Expandable calculations on big integers (HO
)
))
\Fld@menulength=\count313
\Field@Width=\dimen192
\Fld@charsize=\dimen193
Package hyperref Info: Hyper figures OFF on input line 6084.
Package hyperref Info: Link nesting OFF on input line 6089.
Package hyperref Info: Hyper index ON on input line 6092.
Package hyperref Info: backreferencing OFF on input line 6099.
Package hyperref Info: Link coloring OFF on input line 6104.
Package hyperref Info: Link coloring with OCG OFF on input line 6109.
Package hyperref Info: PDF/A mode OFF on input line 6114.
\Hy@abspage=\count314
\c@Item=\count315
\c@Hfootnote=\count316
)
Package hyperref Info: Driver (autodetected): hpdftex.
 (/usr/local/texlive/2026basic/texmf-dist/tex/latex/hyperref/hpdftex.def
File: hpdftex.def 2026-01-29 v7.01p Hyperref driver for pdfTeX
\Fld@listcount=\count317
\c@bookmark@seq@number=\count318

(/usr/local/texlive/2026basic/texmf-dist/tex/latex/rerunfilecheck/rerunfilechec
k.sty
Package: rerunfilecheck 2025-06-21 v1.11 Rerun checks for auxiliary files (HO)

(/usr/local/texlive/2026basic/texmf-dist/tex/generic/uniquecounter/uniquecounte
r.sty
Package: uniquecounter 2019/12/15 v1.4 Provide unlimited unique counter (HO)
)
Package uniquecounter Info: New unique counter `rerunfilecheck' on input line 2
84.
)
\Hy@SectionHShift=\skip58
)
Package hyperref Info: Option `colorlinks' set `true' on input line 29.
\c@assumption=\count319
\c@proposition=\count320
\c@remark=\count321
LaTeX Font Info:    Trying to load font information for T1+lmr on input line 62
.
 (/usr/local/texlive/2026basic/texmf-dist/tex/latex/lm/t1lmr.fd
File: t1lmr.fd 2015/05/01 v1.6.1 Font defs for Latin Modern
)
(/usr/local/texlive/2026basic/texmf-dist/tex/latex/l3backend/l3backend-pdftex.d
ef
File: l3backend-pdftex.def 2025-10-09 L3 backend support: PDF output (pdfTeX)
\l__color_backend_stack_int=\count322
)
No file markov_market_regimes.aux.
\openout1 = `markov_market_regimes.aux'.

LaTeX Font Info:    Checking defaults for OML/cmm/m/it on input line 62.
LaTeX Font Info:    ... okay on input line 62.
LaTeX Font Info:    Checking defaults for OMS/cmsy/m/n on input line 62.
LaTeX Font Info:    ... okay on input line 62.
LaTeX Font Info:    Checking defaults for OT1/cmr/m/n on input line 62.
LaTeX Font Info:    ... okay on input line 62.
LaTeX Font Info:    Checking defaults for T1/cmr/m/n on input line 62.
LaTeX Font Info:    ... okay on input line 62.
LaTeX Font Info:    Checking defaults for TS1/cmr/m/n on input line 62.
LaTeX Font Info:    ... okay on input line 62.
LaTeX Font Info:    Checking defaults for OMX/cmex/m/n on input line 62.
LaTeX Font Info:    ... okay on input line 62.
LaTeX Font Info:    Checking defaults for U/cmr/m/n on input line 62.
LaTeX Font Info:    ... okay on input line 62.
LaTeX Font Info:    Checking defaults for PD1/pdf/m/n on input line 62.
LaTeX Font Info:    ... okay on input line 62.
LaTeX Font Info:    Checking defaults for PU/pdf/m/n on input line 62.
LaTeX Font Info:    ... okay on input line 62.
LaTeX Info: Redefining \microtypecontext on input line 62.
Package microtype Info: Applying patch `item' on input line 62.
Package microtype Info: Applying patch `toc' on input line 62.
Package microtype Info: Applying patch `eqnum' on input line 62.
Package microtype Info: Applying patch `footnote' on input line 62.
Package microtype Info: Applying patch `verbatim' on input line 62.
LaTeX Info: Redefining \microtypesetup on input line 62.
Package microtype Info: Generating PDF output.
Package microtype Info: Character protrusion enabled (level 2).
Package microtype Info: Using default protrusion set `alltext'.
Package microtype Info: Automatic font expansion enabled (level 2),
(microtype)             stretch: 20, shrink: 20, step: 1, non-selected.
Package microtype Info: Using default expansion set `alltext-nott'.
Package microtype Info: Patching command `\showhyphens'.
Package microtype Info: No adjustment of tracking.
Package microtype Info: No adjustment of interword spacing.
Package microtype Info: No adjustment of character kerning.
(/usr/local/texlive/2026basic/texmf-dist/tex/latex/microtype/mt-cmr.cfg
File: mt-cmr.cfg 2013/05/19 v2.2 microtype config. file: Computer Modern Roman 
(RS)
)
*geometry* driver: auto-detecting
*geometry* detected driver: pdftex
*geometry* verbose mode - [ preamble ] result:
* driver: pdftex
* paper: a4paper
* layout: <same size as paper>
* layoutoffset:(h,v)=(0.0pt,0.0pt)
* modes: 
* h-part:(L,W,R)=(73.97733pt, 449.55322pt, 73.97733pt)
* v-part:(T,H,B)=(73.97733pt, 697.0922pt, 73.97733pt)
* \paperwidth=597.50787pt
* \paperheight=845.04684pt
* \textwidth=449.55322pt
* \textheight=697.0922pt
* \oddsidemargin=1.70734pt
* \evensidemargin=1.70734pt
* \topmargin=-35.29266pt
* \headheight=12.0pt
* \headsep=25.0pt
* \topskip=11.0pt
* \footskip=30.0pt
* \marginparwidth=50.0pt
* \marginparsep=10.0pt
* \columnsep=10.0pt
* \skip\footins=10.0pt plus 4.0pt minus 2.0pt
* \hoffset=0.0pt
* \voffset=0.0pt
* \mag=1000
* \@twocolumnfalse
* \@twosidefalse
* \@mparswitchfalse
* \@reversemarginfalse
* (1in=72.27pt=25.4mm, 1cm=28.453pt)

(/usr/local/texlive/2026basic/texmf-dist/tex/context/base/mkii/supp-pdf.mkii
[Loading MPS to PDF converter (version 2006.09.02).]
\scratchcounter=\count323
\scratchdimen=\dimen194
\scratchbox=\box58
\nofMPsegments=\count324
\nofMParguments=\count325
\everyMPshowfont=\toks36
\MPscratchCnt=\count326
\MPscratchDim=\dimen195
\MPnumerator=\count327
\makeMPintoPDFobject=\count328
\everyMPtoPDFconversion=\toks37
)
(/usr/local/texlive/2026basic/texmf-dist/tex/latex/epstopdf-pkg/epstopdf-base.s
ty
Package: epstopdf-base 2020-01-24 v2.11 Base part for package epstopdf
Package epstopdf-base Info: Redefining graphics rule for `.eps' on input line 4
85.

(/usr/local/texlive/2026basic/texmf-dist/tex/latex/latexconfig/epstopdf-sys.cfg
File: epstopdf-sys.cfg 2010/07/13 v1.3 Configuration of (r)epstopdf for TeX Liv
e
))
Package caption Info: Begin \AtBeginDocument code.
Package caption Info: hyperref package is loaded.
Package caption Info: End \AtBeginDocument code.
Package hyperref Info: Link coloring ON on input line 62.
\@outlinefile=\write3
\openout3 = `markov_market_regimes.out'.

LaTeX Font Info:    Trying to load font information for OT1+lmr on input line 6
5.
 (/usr/local/texlive/2026basic/texmf-dist/tex/latex/lm/ot1lmr.fd
File: ot1lmr.fd 2015/05/01 v1.6.1 Font defs for Latin Modern
)
LaTeX Font Info:    Trying to load font information for OML+lmm on input line 6
5.

(/usr/local/texlive/2026basic/texmf-dist/tex/latex/lm/omllmm.fd
File: omllmm.fd 2015/05/01 v1.6.1 Font defs for Latin Modern
)
LaTeX Font Info:    Trying to load font information for OMS+lmsy on input line 
65.

(/usr/local/texlive/2026basic/texmf-dist/tex/latex/lm/omslmsy.fd
File: omslmsy.fd 2015/05/01 v1.6.1 Font defs for Latin Modern
)
LaTeX Font Info:    Trying to load font information for OMX+lmex on input line 
65.

(/usr/local/texlive/2026basic/texmf-dist/tex/latex/lm/omxlmex.fd
File: omxlmex.fd 2015/05/01 v1.6.1 Font defs for Latin Modern
)
LaTeX Font Info:    External font `lmex10' loaded for size
(Font)              <12> on input line 65.
LaTeX Font Info:    External font `lmex10' loaded for size
(Font)              <8> on input line 65.
LaTeX Font Info:    External font `lmex10' loaded for size
(Font)              <6> on input line 65.
LaTeX Font Info:    Trying to load font information for U+msa on input line 65.


(/usr/local/texlive/2026basic/texmf-dist/tex/latex/amsfonts/umsa.fd
File: umsa.fd 2013/01/14 v3.01 AMS symbols A
)
(/usr/local/texlive/2026basic/texmf-dist/tex/latex/microtype/mt-msa.cfg
File: mt-msa.cfg 2006/02/04 v1.1 microtype config. file: AMS symbols (a) (RS)
)
LaTeX Font Info:    Trying to load font information for U+msb on input line 65.


(/usr/local/texlive/2026basic/texmf-dist/tex/latex/amsfonts/umsb.fd
File: umsb.fd 2013/01/14 v3.01 AMS symbols B
)
(/usr/local/texlive/2026basic/texmf-dist/tex/latex/microtype/mt-msb.cfg
File: mt-msb.cfg 2005/06/01 v1.0 microtype config. file: AMS symbols (b) (RS)
)
No file markov_market_regimes.toc.
\tf@toc=\write4
\openout4 = `markov_market_regimes.toc'.

[1

{/usr/local/texlive/2026basic/texmf-var/fonts/map/pdftex/updmap/pdftex.map}{/us
r/local/texlive/2026basic/texmf-dist/fonts/enc/dvips/lm/lm-ec.enc}]
LaTeX Font Info:    External font `lmex10' loaded for size
(Font)              <10.95> on input line 97.

! Missing $ inserted.
<inserted text> 
                $
l.99 P_
       t > 0
? 

! LaTeX Error: Bad math environment delimiter.

See the LaTeX manual or LaTeX Companion for explanation.
Type  H <return>  for immediate help.
 ...                                              
                                                  
l.102 \begin{equation}
                      
? 
! You can't use `\eqno' in math mode.
\veqno ->\@kernel@eqno 
                       \aftergroup \ignorespaces 
l.104 \end{equation}
                    
? 
! Missing \endgroup inserted.
<inserted text> 
                \endgroup 
l.104 \end{equation}
                    
? 

! LaTeX Error: \begin{document} ended by \end{equation}.

See the LaTeX manual or LaTeX Companion for explanation.
Type  H <return>  for immediate help.
 ...                                              
                                                  
l.104 \end{equation}
                    
? 
! Missing $ inserted.
<inserted text> 
                $
l.104 \end{equation}
                    
? 
! Extra \endgroup.
<recently read> \endgroup 
                          
l.104 \end{equation}
                    
? 
[2{/usr/local/texlive/2026basic/texmf-dist/fonts/enc/dvips/lm/lm-rm.enc}{/usr/l
ocal/texlive/2026basic/texmf-dist/fonts/enc/dvips/lm/lm-mathit.enc}{/usr/local/
texlive/2026basic/texmf-dist/fonts/enc/dvips/lm/lm-mathsy.enc}{/usr/local/texli
ve/2026basic/texmf-dist/fonts/enc/dvips/lm/lm-mathex.enc}]
! Missing $ inserted.
<inserted text> 
                $
l.156 \begin{array}{ccl}
                        
? 
! Extra alignment tab has been changed to \cr.
<recently read> \endtemplate 
                             
l.158 2 &
          = & \text{Bull High Volatility}, \
? 
! Extra alignment tab has been changed to \cr.
<recently read> \endtemplate 
                             
l.159 3 & = &
              \text{Bear Low Volatility}, \
? 
! Missing $ inserted.
<inserted text> 
                $
l.161 \end{array}
                 
? 

Overfull \hbox (108.21387pt too wide) in paragraph at lines 154--163
[]\T1/lmr/m/n/10.95 (-20) The four regimes are de-fined as fol-lows: [ $[]$
 []

! Extra alignment tab has been changed to \cr.
<template> $\hfil $$\endtemplate 
                                 
l.174 2 &
          \text{if } r_t \geq 0 \text{ and } \sigma_t \geq c, \
? 
! Extra alignment tab has been changed to \cr.
<template> $\hfil $$\endtemplate 
                                 
l.176 4 &
          \text{if } r_t < 0 \text{ and } \sigma_t \geq c.
? 
[3]
! Missing $ inserted.
<inserted text> 
                $
l.226 X_
        w, X_{w+1}, \ldots, X_T.
? 
! Missing $ inserted.
<inserted text> 
                $
l.228 For all $i,j \in
                       \mathcal{E}$, define the number of observed transitio...

? 
[4]
! Missing $ inserted.
<inserted text> 
                $
l.277 \sum
          _{j=1}^{4} p_{ij}=1.
? 
! Missing $ inserted.
<inserted text> 
                $
l.279 
      
? 
! Missing } inserted.
<inserted text> 
                }
l.279 
      
? 
! Extra }, or forgotten \endgroup.
\par ...m \@noitemerr {\@@par }\fi \else {\@@par }
                                                  \fi 
l.279 
      
? 
[5]
! Misplaced alignment tab character &.
l.337 ...quid exchange-traded fund tracking the S&
                                                  P 500. The feature sample ...

? 

LaTeX Warning: Reference `tab:regime-frequencies' on page 6 undefined on input 
line 347.

! Misplaced \noalign.
\midrule ->\noalign 
                    {\ifnum 0=`}\fi \@aboverulesep =\aboverulesep \global \@...
l.356 \midrule
              
? 
! Missing } inserted.
<inserted text> 
                }
l.357 B
       ull Low Volatility  & 1167 & 28.32% \
? 
! Missing } inserted.
<inserted text> 
                }
l.357 B
       ull Low Volatility  & 1167 & 28.32% \
? 
! Missing } inserted.
<inserted text> 
                }
l.357 B
       ull Low Volatility  & 1167 & 28.32% \
? 
! Missing \cr inserted.
<inserted text> 
                \cr 
l.357 B
       ull Low Volatility  & 1167 & 28.32% \
? 
! Missing { inserted.
<inserted text> 
                {
l.357 B
       ull Low Volatility  & 1167 & 28.32% \
? 
! Undefined control sequence.
\@BTrule ...\doublerulesep \fi \fi \fi \@BTswitch 
                                                  
l.357 B
       ull Low Volatility  & 1167 & 28.32% \
? 
! Misplaced alignment tab character &.
l.357 Bull Low Volatility  &
                             1167 & 28.32% \
? 
! Misplaced alignment tab character &.
l.357 Bull Low Volatility  & 1167 &
                                    28.32% \
? 
! Misplaced alignment tab character &.
l.358 Bull High Volatility &
                             1127 & 27.35% \
? 
! Misplaced alignment tab character &.
l.358 Bull High Volatility & 1127 &
                                    27.35% \
? 
! Misplaced alignment tab character &.
l.359 Bear Low Volatility  &
                             893  & 21.67% \
? 
! Misplaced alignment tab character &.
l.359 Bear Low Volatility  & 893  &
                                    21.67% \
? 
! Misplaced alignment tab character &.
l.360 Bear High Volatility &
                             934  & 22.66% \
? 
! Misplaced alignment tab character &.
l.360 Bear High Volatility & 934  &
                                    22.66% \
? 
! Misplaced \noalign.
\bottomrule ->\noalign 
                       {\ifnum 0=`}\fi \@aboverulesep =\aboverulesep \global...
l.361 \bottomrule
                 
? 
! Misplaced \crcr.
\endtabular ->\crcr 
                    \egroup \egroup $\egroup 
l.362 \end{tabular}
                   
? 
! Extra }, or forgotten $.
\endtabular ->\crcr \egroup \egroup 
                                    $\egroup 
l.362 \end{tabular}
                   
? 

LaTeX Warning: Reference `fig:regimes' on page 6 undefined on input line 365.


LaTeX Warning: Reference `fig:volatility' on page 6 undefined on input line 365
.

<figures/regimes_over_time.png, id=77, 860.013pt x 425.1885pt>
File: figures/regimes_over_time.png Graphic file (type png)
<use figures/regimes_over_time.png>
Package pdftex.def Info: figures/regimes_over_time.png  used on input line 369.

(pdftex.def)             Requested size: 427.07419pt x 211.14693pt.
<figures/volatility_threshold.png, id=79, 860.013pt x 353.1594pt>
File: figures/volatility_threshold.png Graphic file (type png)
<use figures/volatility_threshold.png>
Package pdftex.def Info: figures/volatility_threshold.png  used on input line 3
76.
(pdftex.def)             Requested size: 427.07419pt x 175.37755pt.
[6 <./figures/regimes_over_time.png>]

LaTeX Warning: Reference `fig:transition-heatmap' on page 7 undefined on input 
line 385.

<figures/transition_matrix_heatmap.png, id=90, 570.6921pt x 425.6703pt>
File: figures/transition_matrix_heatmap.png Graphic file (type png)
<use figures/transition_matrix_heatmap.png>
Package pdftex.def Info: figures/transition_matrix_heatmap.png  used on input l
ine 389.
(pdftex.def)             Requested size: 368.63693pt x 274.96118pt.

LaTeX Warning: Reference `tab:markov-summary' on page 7 undefined on input line
 394.

! Misplaced \noalign.
\midrule ->\noalign 
                    {\ifnum 0=`}\fi \@aboverulesep =\aboverulesep \global \@...
l.403 \midrule
              
? 
! Missing } inserted.
<inserted text> 
                }
l.404 B
       ull Low Volatility  & 0.5398 & 2.17 & 0.2832 & 1167 \
? 
! Missing } inserted.
<inserted text> 
                }
l.404 B
       ull Low Volatility  & 0.5398 & 2.17 & 0.2832 & 1167 \
? 
! Missing } inserted.
<inserted text> 
                }
l.404 B
       ull Low Volatility  & 0.5398 & 2.17 & 0.2832 & 1167 \
? 
! Missing \cr inserted.
<inserted text> 
                \cr 
l.404 B
       ull Low Volatility  & 0.5398 & 2.17 & 0.2832 & 1167 \
? 
! Missing { inserted.
<inserted text> 
                {
l.404 B
       ull Low Volatility  & 0.5398 & 2.17 & 0.2832 & 1167 \
? 
! Undefined control sequence.
\@BTrule ...\doublerulesep \fi \fi \fi \@BTswitch 
                                                  
l.404 B
       ull Low Volatility  & 0.5398 & 2.17 & 0.2832 & 1167 \
? 
! Misplaced alignment tab character &.
l.404 Bull Low Volatility  &
                             0.5398 & 2.17 & 0.2832 & 1167 \
? 
! Misplaced alignment tab character &.
l.404 Bull Low Volatility  & 0.5398 &
                                      2.17 & 0.2832 & 1167 \
? 
! Misplaced alignment tab character &.
l.404 Bull Low Volatility  & 0.5398 & 2.17 &
                                             0.2832 & 1167 \
? 
! Misplaced alignment tab character &.
l.404 ...ow Volatility  & 0.5398 & 2.17 & 0.2832 &
                                                   1167 \
? 
! Misplaced alignment tab character &.
l.405 Bull High Volatility &
                             0.5244 & 2.10 & 0.2733 & 1127 \
? 
! Misplaced alignment tab character &.
l.405 Bull High Volatility & 0.5244 &
                                      2.10 & 0.2733 & 1127 \
? 
! Misplaced alignment tab character &.
l.405 Bull High Volatility & 0.5244 & 2.10 &
                                             0.2733 & 1127 \
? 
! Misplaced alignment tab character &.
l.405 ...igh Volatility & 0.5244 & 2.10 & 0.2733 &
                                                   1127 \
? 
! Misplaced alignment tab character &.
l.406 Bear Low Volatility  &
                             0.4076 & 1.69 & 0.2167 & 893 \
? 
! Misplaced alignment tab character &.
l.406 Bear Low Volatility  & 0.4076 &
                                      1.69 & 0.2167 & 893 \
? 
! Misplaced alignment tab character &.
l.406 Bear Low Volatility  & 0.4076 & 1.69 &
                                             0.2167 & 893 \
? 
! Misplaced alignment tab character &.
l.406 ...ow Volatility  & 0.4076 & 1.69 & 0.2167 &
                                                   893 \
? 
! Misplaced alignment tab character &.
l.407 Bear High Volatility &
                             0.4244 & 1.74 & 0.2267 & 933 \
? 
! Misplaced alignment tab character &.
l.407 Bear High Volatility & 0.4244 &
                                      1.74 & 0.2267 & 933 \
? 
! Misplaced alignment tab character &.
l.407 Bear High Volatility & 0.4244 & 1.74 &
                                             0.2267 & 933 \
? 
! Misplaced alignment tab character &.
l.407 ...igh Volatility & 0.4244 & 1.74 & 0.2267 &
                                                   933 \
? 
! Misplaced \noalign.
\bottomrule ->\noalign 
                       {\ifnum 0=`}\fi \@aboverulesep =\aboverulesep \global...
l.408 \bottomrule
                 
? 
! Misplaced \crcr.
\endtabular ->\crcr 
                    \egroup \egroup $\egroup 
l.409 \end{tabular}
                   
? 
! Extra }, or forgotten $.
\endtabular ->\crcr \egroup \egroup 
                                    $\egroup 
l.409 \end{tabular}
                   
? 
[7 <./figures/volatility_threshold.png> <./figures/transition_matrix_heatmap.pn
g>]
! Missing $ inserted.
<inserted text> 
                $
l.416 \ell
          _{\text{Markov}} = -3398.70,
? 
! Missing $ inserted.
<inserted text> 
                $
l.425 
      
? 

Overfull \hbox (138.37442pt too wide) in paragraph at lines 414--425
\T1/lmr/m/n/10.95 (-20) bench-mark. The re-sults are: [ $\OML/lmm/m/it/10.95 `[
] \OT1/lmr/m/n/10.95 (-20) = \OMS/lmsy/m/n/10.95 ^^@\OT1/lmr/m/n/10.95 (-20) 33
98\OML/lmm/m/it/10.95 :\OT1/lmr/m/n/10.95 (-20) 70\OML/lmm/m/it/10.95 ;  `[] \O
T1/lmr/m/n/10.95 (-20) = \OMS/lmsy/m/n/10.95 ^^@\OT1/lmr/m/n/10.95 (-20) 5684\O
ML/lmm/m/it/10.95 :\OT1/lmr/m/n/10.95 (-20) 30\OML/lmm/m/it/10.95 ; \OT1/lmr/m/
n/10.95 (-20) ]\OML/lmm/m/it/10.95 whichgivesthelikelihoodratiostatistic\OT1/lm
r/m/n/10.95 (-20) [\OML/lmm/m/it/10.95 LR \OT1/lmr/m/n/10.95 (-20) =
 []


Overfull \hbox (106.1784pt too wide) in paragraph at lines 414--425
\OT1/lmr/m/n/10.95 (-20) 4571\OML/lmm/m/it/10.95 :\OT1/lmr/m/n/10.95 (-20) 19\O
ML/lmm/m/it/10.95 :\OT1/lmr/m/n/10.95 (-20) ]\OML/lmm/m/it/10.95 Thisindicatest
hatconditioningonthecurrentregimesubstantiallyimprovesthefitrelativetoanindepen
dent \OMS/lmsy/m/n/10.95 ^^@
 []


LaTeX Warning: Reference `tab:allocation-rule' on page 8 undefined on input lin
e 432.

! Misplaced \noalign.
\midrule ->\noalign 
                    {\ifnum 0=`}\fi \@aboverulesep =\aboverulesep \global \@...
l.441 \midrule
              
? 
! Missing } inserted.
<inserted text> 
                }
l.442 B
       ull Low Volatility  & 100% \
? 
! Missing } inserted.
<inserted text> 
                }
l.442 B
       ull Low Volatility  & 100% \
? 
! Missing } inserted.
<inserted text> 
                }
l.442 B
       ull Low Volatility  & 100% \
? 
! Missing \cr inserted.
<inserted text> 
                \cr 
l.442 B
       ull Low Volatility  & 100% \
? 
! Missing { inserted.
<inserted text> 
                {
l.442 B
       ull Low Volatility  & 100% \
? 
! Undefined control sequence.
\@BTrule ...\doublerulesep \fi \fi \fi \@BTswitch 
                                                  
l.442 B
       ull Low Volatility  & 100% \
? 
! Misplaced alignment tab character &.
l.442 Bull Low Volatility  &
                             100% \
? 
! Misplaced alignment tab character &.
l.443 Bull High Volatility &
                             75% \
? 
! Misplaced alignment tab character &.
l.444 Bear Low Volatility  &
                             50% \
? 
! Misplaced alignment tab character &.
l.445 Bear High Volatility &
                             0% \
? 
! Misplaced \noalign.
\bottomrule ->\noalign 
                       {\ifnum 0=`}\fi \@aboverulesep =\aboverulesep \global...
l.446 \bottomrule
                 
? 
! Misplaced \crcr.
\endtabular ->\crcr 
                    \egroup \egroup $\egroup 
l.447 \end{tabular}
                   
? 
! Extra }, or forgotten $.
\endtabular ->\crcr \egroup \egroup 
                                    $\egroup 
l.447 \end{tabular}
                   
? 

LaTeX Warning: Reference `tab:performance' on page 8 undefined on input line 47
2.

! Misplaced \noalign.
\midrule ->\noalign 
                    {\ifnum 0=`}\fi \@aboverulesep =\aboverulesep \global \@...
l.481 \midrule
              
? 
! Missing } inserted.
<inserted text> 
                }
l.482 B
       uy and Hold        & 803.80% & 14.41% & 17.17% & 0.79 & -33.72% & -- \
? 
! Missing } inserted.
<inserted text> 
                }
l.482 B
       uy and Hold        & 803.80% & 14.41% & 17.17% & 0.79 & -33.72% & -- \
? 
! Missing } inserted.
<inserted text> 
                }
l.482 B
       uy and Hold        & 803.80% & 14.41% & 17.17% & 0.79 & -33.72% & -- \
? 
! Missing \cr inserted.
<inserted text> 
                \cr 
l.482 B
       uy and Hold        & 803.80% & 14.41% & 17.17% & 0.79 & -33.72% & -- \
? 
! Missing { inserted.
<inserted text> 
                {
l.482 B
       uy and Hold        & 803.80% & 14.41% & 17.17% & 0.79 & -33.72% & -- \
? 
! Undefined control sequence.
\@BTrule ...\doublerulesep \fi \fi \fi \@BTswitch 
                                                  
l.482 B
       uy and Hold        & 803.80% & 14.41% & 17.17% & 0.79 & -33.72% & -- \
? 
! Misplaced alignment tab character &.
l.482 Buy and Hold        &
                            803.80% & 14.41% & 17.17% & 0.79 & -33.72% & -- \
? 
! Misplaced alignment tab character &.
l.483 Regime Strategy     &
                            154.82% & 5.89%  & 9.54%  & 0.60 & -22.07% & 132...

? 
! Misplaced alignment tab character &.
l.484 Regime Strategy Net &
                            31.46%  & 1.69%  & 9.55%  & 0.18 & -23.82% & 132...

? 
! Misplaced \noalign.
\bottomrule ->\noalign 
                       {\ifnum 0=`}\fi \@aboverulesep =\aboverulesep \global...
l.485 \bottomrule
                 
? 
! Misplaced \crcr.
\endtabular ->\crcr 
                    \egroup \egroup $\egroup 
l.486 \end{tabular}
                   
? 
! Extra }, or forgotten $.
\endtabular ->\crcr \egroup \egroup 
                                    $\egroup 
l.486 \end{tabular}
                   
? 

LaTeX Warning: Reference `fig:performance' on page 8 undefined on input line 49
3.


LaTeX Warning: Reference `fig:drawdowns' on page 8 undefined on input line 493.


<figures/strategy_vs_benchmark.png, id=102, 860.013pt x 425.1885pt>
File: figures/strategy_vs_benchmark.png Graphic file (type png)
<use figures/strategy_vs_benchmark.png>
Package pdftex.def Info: figures/strategy_vs_benchmark.png  used on input line 
497.
(pdftex.def)             Requested size: 427.07419pt x 211.14693pt.
[8]
<figures/drawdown_comparison.png, id=114, 860.013pt x 353.1594pt>
File: figures/drawdown_comparison.png Graphic file (type png)
<use figures/drawdown_comparison.png>
Package pdftex.def Info: figures/drawdown_comparison.png  used on input line 50
4.
(pdftex.def)             Requested size: 427.07419pt x 175.37755pt.
 [9 <./figures/strategy_vs_benchmark.png> <./figures/drawdown_comparison.png>] 
[10] (./markov_market_regimes.aux)
 ***********
LaTeX2e <2025-11-01>
L3 programming layer <2026-01-19>
 ***********


LaTeX Warning: There were undefined references.


LaTeX Warning: Label(s) may have changed. Rerun to get cross-references right.


Package rerunfilecheck Warning: File `markov_market_regimes.out' has changed.
(rerunfilecheck)                Rerun to get outlines right
(rerunfilecheck)                or use package `bookmark'.

Package rerunfilecheck Info: Checksums for `markov_market_regimes.out':
(rerunfilecheck)             Before: <no file>
(rerunfilecheck)             After:  B07DE09EDB1A84D4B7D5207689EE4372;2125.
 ) 
Here is how much of TeX's memory you used:
 14777 strings out of 469006
 236228 string characters out of 5454813
 679898 words of memory out of 5000000
 43067 multiletter control sequences out of 15000+600000
 697519 words of font info for 151 fonts, out of 8000000 for 9000
 319 hyphenation exceptions out of 8191
 75i,9n,79p,1025b,574s stack positions out of 10000i,1000n,20000p,200000b,200000s
</usr/local/texlive/2026basic/texmf-dist/fonts/type1/public/lm/lmbx10.pfb></u
sr/local/texlive/2026basic/texmf-dist/fonts/type1/public/lm/lmbx12.pfb></usr/lo
cal/texlive/2026basic/texmf-dist/fonts/type1/public/lm/lmex10.pfb></usr/local/t
exlive/2026basic/texmf-dist/fonts/type1/public/lm/lmmi10.pfb></usr/local/texliv
e/2026basic/texmf-dist/fonts/type1/public/lm/lmmi6.pfb></usr/local/texlive/2026
basic/texmf-dist/fonts/type1/public/lm/lmmi8.pfb></usr/local/texlive/2026basic/
texmf-dist/fonts/type1/public/lm/lmr10.pfb></usr/local/texlive/2026basic/texmf-
dist/fonts/type1/public/lm/lmr12.pfb></usr/local/texlive/2026basic/texmf-dist/f
onts/type1/public/lm/lmr6.pfb></usr/local/texlive/2026basic/texmf-dist/fonts/ty
pe1/public/lm/lmr8.pfb></usr/local/texlive/2026basic/texmf-dist/fonts/type1/pub
lic/lm/lmri10.pfb></usr/local/texlive/2026basic/texmf-dist/fonts/type1/public/l
m/lmsy10.pfb></usr/local/texlive/2026basic/texmf-dist/fonts/type1/public/lm/lms
y8.pfb></usr/local/texlive/2026basic/texmf-dist/fonts/type1/public/amsfonts/sym
bols/msbm10.pfb>
Output written on markov_market_regimes.pdf (10 pages, 1815442 bytes).
PDF statistics:
 221 PDF objects out of 1000 (max. 8388607)
 166 compressed objects within 2 object streams
 71 named destinations out of 1000 (max. 500000)
 38938 words of extra memory for PDF output out of 42996 (max. 10000000)

